<?xml version="1.0" encoding="UTF-8"?>
<!-- Generated by org.testng.reporters.JUnitReportReporter -->
<testsuite hostname="COLLABPH1002991" failures="0" tests="2" name="scripts.TC01_InvalidLoanAndEMI" time="143.256" errors="0" timestamp="2023-12-20T14:46:00 PST" skipped="0">
  <testcase classname="scripts.TC01_InvalidLoanAndEMI" name="Fin_04" time="87.483"/>
  <system-out/>
  <testcase classname="scripts.TC01_InvalidLoanAndEMI" name="Fin_05" time="55.773"/>
  <system-out/>
</testsuite> <!-- scripts.TC01_InvalidLoanAndEMI -->
