<?xml version="1.0" encoding="UTF-8"?>
<!-- Generated by org.testng.reporters.JUnitReportReporter -->
<testsuite hostname="COLLABPH1002991" failures="0" tests="3" name="scripts.TC01_ValidateLoanAndEMI" time="292.600" errors="0" timestamp="2023-12-20T13:56:09 PST" skipped="0">
  <testcase classname="scripts.TC01_ValidateLoanAndEMI" name="Fin_01" time="55.096"/>
  <system-out/>
  <testcase classname="scripts.TC01_ValidateLoanAndEMI" name="Fin_02" time="115.417"/>
  <system-out/>
  <testcase classname="scripts.TC01_ValidateLoanAndEMI" name="Fin_03" time="122.087"/>
  <system-out/>
</testsuite> <!-- scripts.TC01_ValidateLoanAndEMI -->
