<?xml version="1.0" encoding="UTF-8"?>
<!-- Generated by org.testng.reporters.JUnitReportReporter -->
<testsuite hostname="COLLABPH1002991" failures="0" tests="3" name="scripts.TC01_ValidateLoanAndEMI" time="118.132" errors="0" timestamp="2023-11-21T15:05:49 PST" skipped="0">
  <testcase classname="scripts.TC01_ValidateLoanAndEMI" name="Fin_01" time="13.137"/>
  <system-out/>
  <testcase classname="scripts.TC01_ValidateLoanAndEMI" name="Fin_02" time="51.600"/>
  <system-out/>
  <testcase classname="scripts.TC01_ValidateLoanAndEMI" name="Fin_03" time="53.395"/>
  <system-out/>
</testsuite> <!-- scripts.TC01_ValidateLoanAndEMI -->
