<?xml version="1.0" encoding="UTF-8"?>
<!-- Generated by org.testng.reporters.JUnitReportReporter -->
<testsuite hostname="COLLABPH1002991" failures="0" tests="3" name="scripts.TC01_ValidateLoanAndEMI" time="194.742" errors="0" timestamp="2023-12-11T14:15:28 PST" skipped="0">
  <testcase classname="scripts.TC01_ValidateLoanAndEMI" name="Fin_03" time="81.376"/>
  <system-out/>
  <testcase classname="scripts.TC01_ValidateLoanAndEMI" name="Fin_01" time="40.821"/>
  <system-out/>
  <testcase classname="scripts.TC01_ValidateLoanAndEMI" name="Fin_02" time="72.545"/>
  <system-out/>
</testsuite> <!-- scripts.TC01_ValidateLoanAndEMI -->
