<?xml version="1.0" encoding="UTF-8"?>
<!-- Generated by org.testng.reporters.JUnitReportReporter -->
<testsuite hostname="COLLABPH1002991" failures="0" tests="2" name="scripts.TC01_InvalidLoanAndEMI" time="140.339" errors="0" timestamp="2023-12-20T16:57:11 PST" skipped="0">
  <testcase classname="scripts.TC01_InvalidLoanAndEMI" name="Fin_04" time="89.336"/>
  <system-out/>
  <testcase classname="scripts.TC01_InvalidLoanAndEMI" name="Fin_05" time="51.003"/>
  <system-out/>
</testsuite> <!-- scripts.TC01_InvalidLoanAndEMI -->
